<?xml version="1.0" encoding="UTF-8"?>
<!-- Generated by org.testng.reporters.JUnitXMLReporter -->
<testsuite ignored="2" hostname="LAPTOP-PICKRAJT" failures="1" tests="5" name="Test" time="62.857" errors="0" timestamp="2023-08-09T17:41:07 IST">
  <testcase classname="FinalApprovedTestScripts.AddPaymentAndEditTestNGTestscript" name="AddPaymentAndEdit" time="8.346">
    <skipped/>
  </testcase> <!-- AddPaymentAndEdit -->
  <testcase classname="FinalApprovedTestScripts.AddPaymentAndEditTestNGTestscript" name="AddPaymentAndEdit" time="7.39">
    <skipped/>
  </testcase> <!-- AddPaymentAndEdit -->
  <testcase classname="FinalApprovedTestScripts.AddPaymentAndEditTestNGTestscript" name="AddPaymentAndEdit" time="7.416">
    <skipped/>
  </testcase> <!-- AddPaymentAndEdit -->
  <testcase classname="FinalApprovedTestScripts.AddPaymentAndEditTestNGTestscript" name="AddPaymentAndEdit" time="7.372">
    <failure type="java.lang.AssertionError" message="null">
      <![CDATA[java.lang.AssertionError: null
at FinalApprovedTestScripts.AddPaymentAndEditTestNGTestscript.AddPaymentAndEdit(AddPaymentAndEditTestNGTestscript.java:31)
at java.base/java.util.ArrayList.forEach(ArrayList.java:1511)
... Removed 27 stack frames]]>
    </failure>
  </testcase> <!-- AddPaymentAndEdit -->
  <testcase classname="FinalApprovedTestScripts.AddNomineeViaClientTestNGTestScript" name="AddNomineeViaClient" time="16.738"/>
  <testcase classname="com.hopestar.GenericUtility.HopeStarBaseClass" name="@BeforeSuite configure_BS" time="0.0">
    <ignored/>
  </testcase> <!-- @BeforeSuite configure_BS -->
  <testcase classname="com.hopestar.GenericUtility.HopeStarBaseClass" name="@AfterSuite configure_AS" time="0.0">
    <ignored/>
  </testcase> <!-- @AfterSuite configure_AS -->
</testsuite> <!-- Test -->
